2021-06-28 16:58:37 [background-preinit] INFO  o.h.validator.internal.util.Version - HV000001: Hibernate Validator 6.1.5.Final
2021-06-28 16:58:39 [main] INFO  o.s.c.c.c.ConfigServicePropertySourceLocator - Fetching config from server at : http://config-server:8888
2021-06-28 16:58:42 [main] INFO  o.s.c.c.c.ConfigServicePropertySourceLocator - Located environment: name=elastic-query-service,config-client, profiles=[elastic_query], label=null, version=00cd1af292d64347c4907698c20a82e00f461c9c, state=null
2021-06-28 16:58:42 [main] INFO  o.s.c.b.c.PropertySourceBootstrapConfiguration - Located property source: [BootstrapPropertySource {name='bootstrapProperties-configClient'}, BootstrapPropertySource {name='bootstrapProperties-https://github.com/shivam1646/spring-cloud-config-server-repository/config-client-elastic_query.yml'}, BootstrapPropertySource {name='bootstrapProperties-https://github.com/shivam1646/spring-cloud-config-server-repository/config-client.yml'}]
2021-06-28 16:58:42 [main] INFO  c.m.d.e.q.s.ElasticQueryServiceApplication - The following profiles are active: elastic_query
2021-06-28 16:58:42 [background-preinit] INFO  o.h.validator.internal.util.Version - HV000001: Hibernate Validator 6.1.5.Final
2021-06-28 16:58:43 [main] INFO  o.s.d.r.c.RepositoryConfigurationDelegate - Bootstrapping Spring Data Elasticsearch repositories in DEFAULT mode.
2021-06-28 16:58:43 [main] INFO  o.s.d.r.c.RepositoryConfigurationDelegate - Finished Spring Data repository scanning in 109ms. Found 1 Elasticsearch repository interfaces.
2021-06-28 16:58:43 [main] INFO  o.s.d.r.c.RepositoryConfigurationDelegate - Bootstrapping Spring Data Reactive Elasticsearch repositories in DEFAULT mode.
2021-06-28 16:58:44 [main] INFO  o.s.d.r.c.RepositoryConfigurationDelegate - Finished Spring Data repository scanning in 31ms. Found 0 Reactive Elasticsearch repository interfaces.
2021-06-28 16:58:44 [main] INFO  o.s.c.c.c.ConfigServicePropertySourceLocator - Fetching config from server at : http://config-server:8888
2021-06-28 16:58:44 [main] INFO  o.s.cloud.context.scope.GenericScope - BeanFactory id=6be93fd1-3670-36c3-ba1d-0febf1d203af
2021-06-28 16:58:45 [main] INFO  o.s.b.w.e.tomcat.TomcatWebServer - Tomcat initialized with port(s): 8183 (http)
2021-06-28 16:58:45 [main] INFO  o.a.coyote.http11.Http11NioProtocol - Initializing ProtocolHandler ["http-nio-8183"]
2021-06-28 16:58:45 [main] INFO  o.a.catalina.core.StandardService - Starting service [Tomcat]
2021-06-28 16:58:45 [main] INFO  o.a.catalina.core.StandardEngine - Starting Servlet engine: [Apache Tomcat/9.0.38]
2021-06-28 16:58:45 [main] INFO  o.a.c.c.C.[.[.[/elastic-query-service] - Initializing Spring embedded WebApplicationContext
2021-06-28 16:58:45 [main] INFO  o.s.b.w.s.c.ServletWebServerApplicationContext - Root WebApplicationContext: initialization completed in 3457 ms
2021-06-28 16:58:46 [main] WARN  o.s.data.convert.CustomConversions - Registering converter from class org.springframework.data.geo.Point to interface java.util.Map as writing converter although it doesn't convert to a store-supported type! You might want to check your annotation setup at the converter implementation.
2021-06-28 16:58:46 [main] WARN  o.s.data.convert.CustomConversions - Registering converter from interface java.util.Map to class org.springframework.data.geo.Point as reading converter although it doesn't convert from a store-supported type! You might want to check your annotation setup at the converter implementation.
2021-06-28 16:58:46 [main] WARN  o.s.data.convert.CustomConversions - Registering converter from class org.springframework.data.elasticsearch.core.geo.GeoPoint to interface java.util.Map as writing converter although it doesn't convert to a store-supported type! You might want to check your annotation setup at the converter implementation.
2021-06-28 16:58:46 [main] WARN  o.s.data.convert.CustomConversions - Registering converter from interface java.util.Map to class org.springframework.data.elasticsearch.core.geo.GeoPoint as reading converter although it doesn't convert from a store-supported type! You might want to check your annotation setup at the converter implementation.
2021-06-28 16:58:46 [main] WARN  o.s.data.convert.CustomConversions - Registering converter from class org.springframework.data.geo.Point to interface java.util.Map as writing converter although it doesn't convert to a store-supported type! You might want to check your annotation setup at the converter implementation.
2021-06-28 16:58:46 [main] WARN  o.s.data.convert.CustomConversions - Registering converter from interface java.util.Map to class org.springframework.data.geo.Point as reading converter although it doesn't convert from a store-supported type! You might want to check your annotation setup at the converter implementation.
2021-06-28 16:58:46 [main] WARN  o.s.data.convert.CustomConversions - Registering converter from class org.springframework.data.elasticsearch.core.geo.GeoPoint to interface java.util.Map as writing converter although it doesn't convert to a store-supported type! You might want to check your annotation setup at the converter implementation.
2021-06-28 16:58:46 [main] WARN  o.s.data.convert.CustomConversions - Registering converter from interface java.util.Map to class org.springframework.data.elasticsearch.core.geo.GeoPoint as reading converter although it doesn't convert from a store-supported type! You might want to check your annotation setup at the converter implementation.
2021-06-28 16:58:47 [main] INFO  o.s.c.c.c.ConfigServicePropertySourceLocator - Located environment: name=elastic-query-service,config-client, profiles=[elastic_query], label=null, version=00cd1af292d64347c4907698c20a82e00f461c9c, state=null
2021-06-28 16:58:47 [main] INFO  o.s.c.b.c.PropertySourceBootstrapConfiguration - Located property source: [BootstrapPropertySource {name='bootstrapProperties-configClient'}, BootstrapPropertySource {name='bootstrapProperties-https://github.com/shivam1646/spring-cloud-config-server-repository/config-client-elastic_query.yml'}, BootstrapPropertySource {name='bootstrapProperties-https://github.com/shivam1646/spring-cloud-config-server-repository/config-client.yml'}]
2021-06-28 16:58:47 [main] WARN  org.elasticsearch.client.RestClient - request [GET http://elastic-1:9200/] returned 1 warnings: [299 Elasticsearch-7.13.2-4d960a0733be83dd2543ca018aa4ddc42e956800 "Elasticsearch built-in security features are not enabled. Without authentication, your cluster could be accessible to anyone. See https://www.elastic.co/guide/en/elasticsearch/reference/7.13/security-minimal-setup.html to enable security."]
2021-06-28 16:58:47 [main] INFO  o.s.d.e.support.VersionInfo - Version Spring Data Elasticsearch: 4.0.4.RELEASE
2021-06-28 16:58:47 [main] INFO  o.s.d.e.support.VersionInfo - Version Elasticsearch Client in build: 7.6.2
2021-06-28 16:58:47 [main] INFO  o.s.d.e.support.VersionInfo - Version Elasticsearch Client used: 7.9.1
2021-06-28 16:58:47 [main] WARN  o.s.d.e.support.VersionInfo - Version mismatch in between Elasticsearch Clients build/use: 7.6.2 - 7.9.1
2021-06-28 16:58:47 [main] INFO  o.s.d.e.support.VersionInfo - Version Elasticsearch cluster: 7.13.2
2021-06-28 16:58:47 [main] WARN  o.s.d.e.support.VersionInfo - Version mismatch in between Elasticsearch Client and Cluster: 7.9.1 - 7.13.2
2021-06-28 16:58:47 [main] INFO  c.m.d.e.q.s.ElasticQueryServiceApplication - The following profiles are active: elastic_query
2021-06-28 16:58:47 [main] WARN  org.elasticsearch.client.RestClient - request [HEAD http://elastic-1:9200/twitter-index?ignore_throttled=false&ignore_unavailable=false&expand_wildcards=open%2Cclosed&allow_no_indices=false] returned 1 warnings: [299 Elasticsearch-7.13.2-4d960a0733be83dd2543ca018aa4ddc42e956800 "Elasticsearch built-in security features are not enabled. Without authentication, your cluster could be accessible to anyone. See https://www.elastic.co/guide/en/elasticsearch/reference/7.13/security-minimal-setup.html to enable security."]
2021-06-28 16:58:48 [main] INFO  o.s.d.r.c.RepositoryConfigurationDelegate - Bootstrapping Spring Data Elasticsearch repositories in DEFAULT mode.
2021-06-28 16:58:48 [main] INFO  o.s.d.r.c.RepositoryConfigurationDelegate - Finished Spring Data repository scanning in 103ms. Found 1 Elasticsearch repository interfaces.
2021-06-28 16:58:49 [main] INFO  o.s.d.r.c.RepositoryConfigurationDelegate - Bootstrapping Spring Data Reactive Elasticsearch repositories in DEFAULT mode.
2021-06-28 16:58:49 [main] INFO  o.s.d.r.c.RepositoryConfigurationDelegate - Finished Spring Data repository scanning in 22ms. Found 0 Reactive Elasticsearch repository interfaces.
2021-06-28 16:58:50 [main] INFO  o.s.s.web.DefaultSecurityFilterChain - Creating filter chain: Ant [pattern='/api-docs'], []
2021-06-28 16:58:50 [main] INFO  o.s.s.web.DefaultSecurityFilterChain - Creating filter chain: any request, [org.springframework.security.web.context.request.async.WebAsyncManagerIntegrationFilter@5b29ab61, org.springframework.security.web.context.SecurityContextPersistenceFilter@55846997, org.springframework.security.web.header.HeaderWriterFilter@586495f1, org.springframework.security.web.authentication.logout.LogoutFilter@31a136a6, org.springframework.security.web.authentication.www.BasicAuthenticationFilter@265c1a7c, org.springframework.security.web.savedrequest.RequestCacheAwareFilter@49671897, org.springframework.security.web.servletapi.SecurityContextHolderAwareRequestFilter@50211483, org.springframework.security.web.authentication.AnonymousAuthenticationFilter@5c313224, org.springframework.security.web.session.SessionManagementFilter@224c7de4, org.springframework.security.web.access.ExceptionTranslationFilter@113f9078, org.springframework.security.web.access.intercept.FilterSecurityInterceptor@6af609ea]
2021-06-28 16:58:50 [main] INFO  o.s.s.c.ThreadPoolTaskExecutor - Initializing ExecutorService 'applicationTaskExecutor'
2021-06-28 16:58:50 [main] INFO  o.s.cloud.context.scope.GenericScope - BeanFactory id=6be93fd1-3670-36c3-ba1d-0febf1d203af
2021-06-28 16:58:51 [main] INFO  o.s.b.w.e.tomcat.TomcatWebServer - Tomcat initialized with port(s): 8185 (http)
2021-06-28 16:58:51 [main] INFO  o.a.coyote.http11.Http11NioProtocol - Initializing ProtocolHandler ["http-nio-8185"]
2021-06-28 16:58:51 [main] INFO  o.a.catalina.core.StandardService - Starting service [Tomcat]
2021-06-28 16:58:51 [main] INFO  o.a.catalina.core.StandardEngine - Starting Servlet engine: [Apache Tomcat/9.0.38]
2021-06-28 16:58:51 [main] INFO  o.a.c.c.C.[.[.[/elastic-query-service] - Initializing Spring embedded WebApplicationContext
2021-06-28 16:58:51 [main] INFO  o.s.b.w.s.c.ServletWebServerApplicationContext - Root WebApplicationContext: initialization completed in 4523 ms
2021-06-28 16:58:52 [main] WARN  o.s.data.convert.CustomConversions - Registering converter from class org.springframework.data.geo.Point to interface java.util.Map as writing converter although it doesn't convert to a store-supported type! You might want to check your annotation setup at the converter implementation.
2021-06-28 16:58:52 [main] WARN  o.s.data.convert.CustomConversions - Registering converter from interface java.util.Map to class org.springframework.data.geo.Point as reading converter although it doesn't convert from a store-supported type! You might want to check your annotation setup at the converter implementation.
2021-06-28 16:58:52 [main] WARN  o.s.data.convert.CustomConversions - Registering converter from class org.springframework.data.elasticsearch.core.geo.GeoPoint to interface java.util.Map as writing converter although it doesn't convert to a store-supported type! You might want to check your annotation setup at the converter implementation.
2021-06-28 16:58:52 [main] WARN  o.s.data.convert.CustomConversions - Registering converter from interface java.util.Map to class org.springframework.data.elasticsearch.core.geo.GeoPoint as reading converter although it doesn't convert from a store-supported type! You might want to check your annotation setup at the converter implementation.
2021-06-28 16:58:52 [main] WARN  o.s.data.convert.CustomConversions - Registering converter from class org.springframework.data.geo.Point to interface java.util.Map as writing converter although it doesn't convert to a store-supported type! You might want to check your annotation setup at the converter implementation.
2021-06-28 16:58:52 [main] WARN  o.s.data.convert.CustomConversions - Registering converter from interface java.util.Map to class org.springframework.data.geo.Point as reading converter although it doesn't convert from a store-supported type! You might want to check your annotation setup at the converter implementation.
2021-06-28 16:58:52 [main] WARN  o.s.data.convert.CustomConversions - Registering converter from class org.springframework.data.elasticsearch.core.geo.GeoPoint to interface java.util.Map as writing converter although it doesn't convert to a store-supported type! You might want to check your annotation setup at the converter implementation.
2021-06-28 16:58:52 [main] WARN  o.s.data.convert.CustomConversions - Registering converter from interface java.util.Map to class org.springframework.data.elasticsearch.core.geo.GeoPoint as reading converter although it doesn't convert from a store-supported type! You might want to check your annotation setup at the converter implementation.
2021-06-28 16:58:53 [main] INFO  o.a.coyote.http11.Http11NioProtocol - Starting ProtocolHandler ["http-nio-8183"]
2021-06-28 16:58:53 [main] INFO  o.s.b.w.e.tomcat.TomcatWebServer - Tomcat started on port(s): 8183 (http) with context path '/elastic-query-service'
2021-06-28 16:58:53 [main] INFO  c.m.d.e.q.s.ElasticQueryServiceApplication - Started ElasticQueryServiceApplication in 17.401 seconds (JVM running for 20.176)
2021-06-28 16:58:54 [main] WARN  org.elasticsearch.client.RestClient - request [GET http://elastic-1:9200/] returned 1 warnings: [299 Elasticsearch-7.13.2-4d960a0733be83dd2543ca018aa4ddc42e956800 "Elasticsearch built-in security features are not enabled. Without authentication, your cluster could be accessible to anyone. See https://www.elastic.co/guide/en/elasticsearch/reference/7.13/security-minimal-setup.html to enable security."]
2021-06-28 16:58:54 [main] INFO  o.s.d.e.support.VersionInfo - Version Spring Data Elasticsearch: 4.0.4.RELEASE
2021-06-28 16:58:54 [main] INFO  o.s.d.e.support.VersionInfo - Version Elasticsearch Client in build: 7.6.2
2021-06-28 16:58:54 [main] INFO  o.s.d.e.support.VersionInfo - Version Elasticsearch Client used: 7.9.1
2021-06-28 16:58:54 [main] WARN  o.s.d.e.support.VersionInfo - Version mismatch in between Elasticsearch Clients build/use: 7.6.2 - 7.9.1
2021-06-28 16:58:54 [main] INFO  o.s.d.e.support.VersionInfo - Version Elasticsearch cluster: 7.13.2
2021-06-28 16:58:54 [main] WARN  o.s.d.e.support.VersionInfo - Version mismatch in between Elasticsearch Client and Cluster: 7.9.1 - 7.13.2
2021-06-28 16:58:54 [main] WARN  org.elasticsearch.client.RestClient - request [HEAD http://elastic-1:9200/twitter-index?ignore_throttled=false&ignore_unavailable=false&expand_wildcards=open%2Cclosed&allow_no_indices=false] returned 1 warnings: [299 Elasticsearch-7.13.2-4d960a0733be83dd2543ca018aa4ddc42e956800 "Elasticsearch built-in security features are not enabled. Without authentication, your cluster could be accessible to anyone. See https://www.elastic.co/guide/en/elasticsearch/reference/7.13/security-minimal-setup.html to enable security."]
2021-06-28 16:58:55 [main] INFO  o.s.s.web.DefaultSecurityFilterChain - Creating filter chain: Ant [pattern='/api-docs'], []
2021-06-28 16:58:55 [main] INFO  o.s.s.web.DefaultSecurityFilterChain - Creating filter chain: any request, [org.springframework.security.web.context.request.async.WebAsyncManagerIntegrationFilter@5b29ab61, org.springframework.security.web.context.SecurityContextPersistenceFilter@55846997, org.springframework.security.web.header.HeaderWriterFilter@586495f1, org.springframework.security.web.authentication.logout.LogoutFilter@31a136a6, org.springframework.security.web.authentication.www.BasicAuthenticationFilter@265c1a7c, org.springframework.security.web.savedrequest.RequestCacheAwareFilter@49671897, org.springframework.security.web.servletapi.SecurityContextHolderAwareRequestFilter@50211483, org.springframework.security.web.authentication.AnonymousAuthenticationFilter@5c313224, org.springframework.security.web.session.SessionManagementFilter@224c7de4, org.springframework.security.web.access.ExceptionTranslationFilter@113f9078, org.springframework.security.web.access.intercept.FilterSecurityInterceptor@6af609ea]
2021-06-28 16:58:55 [main] INFO  o.s.s.c.ThreadPoolTaskExecutor - Initializing ExecutorService 'applicationTaskExecutor'
2021-06-28 16:58:57 [main] INFO  o.a.coyote.http11.Http11NioProtocol - Starting ProtocolHandler ["http-nio-8185"]
2021-06-28 16:58:57 [main] INFO  o.s.b.w.e.tomcat.TomcatWebServer - Tomcat started on port(s): 8185 (http) with context path '/elastic-query-service'
2021-06-28 16:58:57 [main] INFO  c.m.d.e.q.s.ElasticQueryServiceApplication - Started ElasticQueryServiceApplication in 15.626 seconds (JVM running for 16.566)
2021-06-28 17:01:53 [http-nio-8183-exec-1] INFO  o.a.c.c.C.[.[.[/elastic-query-service] - Initializing Spring DispatcherServlet 'dispatcherServlet'
2021-06-28 17:01:54 [http-nio-8183-exec-1] INFO  o.s.web.servlet.DispatcherServlet - Initializing Servlet 'dispatcherServlet'
2021-06-28 17:01:54 [http-nio-8183-exec-1] INFO  o.s.web.servlet.DispatcherServlet - Completed initialization in 22 ms
2021-06-28 17:01:54 [http-nio-8183-exec-1] INFO  c.m.d.e.q.s.b.i.TwitterElasticQueryService - Querying elasticsearch by text kafka
2021-06-28 17:01:55 [http-nio-8183-exec-1] WARN  org.elasticsearch.client.RestClient - request [POST http://elastic-1:9200/twitter-index/_search?typed_keys=true&max_concurrent_shard_requests=5&ignore_unavailable=false&expand_wildcards=open&allow_no_indices=true&ignore_throttled=true&search_type=dfs_query_then_fetch&batched_reduce_size=512&ccs_minimize_roundtrips=true] returned 1 warnings: [299 Elasticsearch-7.13.2-4d960a0733be83dd2543ca018aa4ddc42e956800 "Elasticsearch built-in security features are not enabled. Without authentication, your cluster could be accessible to anyone. See https://www.elastic.co/guide/en/elasticsearch/reference/7.13/security-minimal-setup.html to enable security."]
2021-06-28 17:01:55 [http-nio-8183-exec-1] WARN  org.elasticsearch.client.RestClient - request [POST http://elastic-1:9200/twitter-index/_search?typed_keys=true&max_concurrent_shard_requests=5&ignore_unavailable=false&expand_wildcards=open&allow_no_indices=true&ignore_throttled=true&search_type=dfs_query_then_fetch&batched_reduce_size=512&ccs_minimize_roundtrips=true] returned 1 warnings: [299 Elasticsearch-7.13.2-4d960a0733be83dd2543ca018aa4ddc42e956800 "Elasticsearch built-in security features are not enabled. Without authentication, your cluster could be accessible to anyone. See https://www.elastic.co/guide/en/elasticsearch/reference/7.13/security-minimal-setup.html to enable security."]
2021-06-28 17:01:55 [http-nio-8183-exec-1] INFO  c.m.d.e.q.c.s.i.TwitterElasticRepositoryQueryClient - 8 of documents with text kafka retrieved successfully
2021-06-28 17:01:55 [http-nio-8183-exec-1] INFO  c.m.d.e.q.s.a.ElasticDocumentController - Elasticsearch returned 8 of documents on port 8183
